2025-06-08 14:45:46,078 - INFO - Attempting to login to LinkedIn...
2025-06-08 14:46:00,551 - INFO - Successfully logged in to LinkedIn
2025-06-08 14:46:00,992 - INFO - Loaded 3 LinkedIn URLs from CSV
2025-06-08 14:46:00,992 - INFO - Processing 1/3: https://www.linkedin.com/in/addis-olujohungbe/
2025-06-08 14:46:00,995 - INFO - Scraping profile: https://www.linkedin.com/in/addis-olujohungbe/
2025-06-08 14:46:11,056 - INFO - Processing 2/3: https://www.linkedin.com/in/sharanjm
2025-06-08 14:46:11,056 - INFO - Waiting 10 seconds before next request...
2025-06-08 14:46:21,066 - INFO - Scraping profile: https://www.linkedin.com/in/sharanjm
2025-06-08 14:46:30,567 - INFO - Processing 3/3: https://www.linkedin.com/in/poncesamaniego/
2025-06-08 14:46:30,567 - INFO - Waiting 10 seconds before next request...
2025-06-08 14:46:40,577 - INFO - Scraping profile: https://www.linkedin.com/in/poncesamaniego/
2025-06-08 14:46:50,197 - INFO - Data saved to scraped_profiles.csv
2025-06-08 14:46:50,197 - INFO - Scraping completed! Results saved to scraped_profiles.csv
2025-06-08 14:48:24,490 - INFO - Attempting to login to LinkedIn...
2025-06-08 14:48:40,041 - INFO - Successfully logged in to LinkedIn
2025-06-08 14:48:40,060 - INFO - Loaded 2 LinkedIn URLs from CSV
2025-06-08 14:48:40,060 - INFO - Processing 1/2: https://www.linkedin.com/in/sharanjm
2025-06-08 14:48:40,060 - INFO - Scraping profile: https://www.linkedin.com/in/sharanjm
2025-06-08 14:48:52,071 - INFO - Processing 2/2: https://www.linkedin.com/in/poncesamaniego/
2025-06-08 14:48:52,071 - INFO - Waiting 10 seconds before next request...
2025-06-08 14:49:02,079 - INFO - Scraping profile: https://www.linkedin.com/in/poncesamaniego/
2025-06-08 14:49:12,965 - INFO - Data saved to scraped_profiles.csv
2025-06-08 14:49:12,969 - INFO - Scraping completed! Results saved to scraped_profiles.csv
